<?xml version="1.0" encoding="UTF-8" ?>
<testsuite errors="0" failures="0" hostname="Adits-MacBook-Pro.local" name="edu.umb.cs.cs680.hw07.FIFOTest" skipped="0" tests="3" time="0.095" timestamp="2017-11-29T04:41:22">
  <properties>
    <property name="java.vendor" value="Oracle Corporation" />
    <property name="sun.java.launcher" value="SUN_STANDARD" />
    <property name="env.XPC_SERVICE_NAME" value="0" />
    <property name="sun.management.compiler" value="HotSpot 64-Bit Tiered Compilers" />
    <property name="os.name" value="Mac OS X" />
    <property name="sun.boot.class.path" value="/Library/Java/JavaVirtualMachines/jdk1.8.0_25.jdk/Contents/Home/jre/lib/resources.jar:/Library/Java/JavaVirtualMachines/jdk1.8.0_25.jdk/Contents/Home/jre/lib/rt.jar:/Library/Java/JavaVirtualMachines/jdk1.8.0_25.jdk/Contents/Home/jre/lib/sunrsasign.jar:/Library/Java/JavaVirtualMachines/jdk1.8.0_25.jdk/Contents/Home/jre/lib/jsse.jar:/Library/Java/JavaVirtualMachines/jdk1.8.0_25.jdk/Contents/Home/jre/lib/jce.jar:/Library/Java/JavaVirtualMachines/jdk1.8.0_25.jdk/Contents/Home/jre/lib/charsets.jar:/Library/Java/JavaVirtualMachines/jdk1.8.0_25.jdk/Contents/Home/jre/lib/jfr.jar:/Library/Java/JavaVirtualMachines/jdk1.8.0_25.jdk/Contents/Home/jre/classes" />
    <property name="env.TMPDIR" value="/var/folders/72/_fg9mc_967q4vy8py4dzjszm0000gn/T/" />
    <property name="env.PWD" value="/Users/tirathshah/Desktop/CS-680/Assignment7" />
    <property name="ant.file.hw07" value="/Users/tirathshah/Desktop/CS-680/Assignment7/build.xml" />
    <property name="user.country.format" value="IN" />
    <property name="java.vm.specification.vendor" value="Oracle Corporation" />
    <property name="ant.file.type.hw07" value="file" />
    <property name="ant.home" value="/Users/tirathshah/Downloads/apache-ant-1.10.1" />
    <property name="java.runtime.version" value="1.8.0_25-b17" />
    <property name="env.Apple_PubSub_Socket_Render" value="/private/tmp/com.apple.launchd.QjkY0jlU4K/Render" />
    <property name="user.name" value="tirathshah" />
    <property name="env.USER" value="tirathshah" />
    <property name="env.SHELL" value="/bin/bash" />
    <property name="env.JACOCO" value="/Users/tirathshah/Downloads/jacoco-0.7.9/lib/jacocoant.jar" />
    <property name="env.__CF_USER_TEXT_ENCODING" value="0x1F5:0x0:0x0" />
    <property name="env.PATH" value="/usr/local/bin:/usr/bin:/bin:/usr/sbin:/sbin:/Users/tirathshah/bin:/Users/tirathshah/Downloads/apache-ant-1.10.1/bin" />
    <property name="user.language" value="en" />
    <property name="sun.boot.library.path" value="/Library/Java/JavaVirtualMachines/jdk1.8.0_25.jdk/Contents/Home/jre/lib" />
    <property name="ant.project.default-target" value="coverage" />
    <property name="env.XPC_FLAGS" value="0x0" />
    <property name="ant.project.name" value="hw07" />
    <property name="env.LC_CTYPE" value="UTF-8" />
    <property name="java.version" value="1.8.0_25" />
    <property name="user.timezone" value="America/New_York" />
    <property name="sun.arch.data.model" value="64" />
    <property name="http.nonProxyHosts" value="local|*.local|169.254/16|*.169.254/16" />
    <property name="java.endorsed.dirs" value="/Library/Java/JavaVirtualMachines/jdk1.8.0_25.jdk/Contents/Home/jre/lib/endorsed" />
    <property name="sun.cpu.isalist" value="" />
    <property name="sun.jnu.encoding" value="UTF-8" />
    <property name="file.encoding.pkg" value="sun.io" />
    <property name="env.SHLVL" value="1" />
    <property name="file.separator" value="/" />
    <property name="java.specification.name" value="Java Platform API Specification" />
    <property name="java.class.version" value="52.0" />
    <property name="user.country" value="US" />
    <property name="env.JUNIT" value="/Users/tirathshah/Downloads/junit-4.12.jar" />
    <property name="java.home" value="/Library/Java/JavaVirtualMachines/jdk1.8.0_25.jdk/Contents/Home/jre" />
    <property name="java.vm.info" value="mixed mode" />
    <property name="env.LOGNAME" value="tirathshah" />
    <property name="ant.file" value="/Users/tirathshah/Desktop/CS-680/Assignment7/build.xml" />
    <property name="os.version" value="10.12.6" />
    <property name="env.TERM_PROGRAM_VERSION" value="388.1.1" />
    <property name="path.separator" value=":" />
    <property name="java.vm.version" value="25.25-b02" />
    <property name="ant.library.dir" value="/Users/tirathshah/Downloads/apache-ant-1.10.1/lib" />
    <property name="java.awt.printerjob" value="sun.lwawt.macosx.CPrinterJob" />
    <property name="env.TERM" value="xterm-256color" />
    <property name="sun.io.unicode.encoding" value="UnicodeBig" />
    <property name="awt.toolkit" value="sun.lwawt.macosx.LWCToolkit" />
    <property name="_jacoco.agentFile" value="/var/folders/72/_fg9mc_967q4vy8py4dzjszm0000gn/T/jacocoagent7842602985890533492.jar" />
    <property name="socksNonProxyHosts" value="local|*.local|169.254/16|*.169.254/16" />
    <property name="ftp.nonProxyHosts" value="local|*.local|169.254/16|*.169.254/16" />
    <property name="user.home" value="/Users/tirathshah" />
    <property name="java.specification.vendor" value="Oracle Corporation" />
    <property name="env.TERM_PROGRAM" value="Apple_Terminal" />
    <property name="java.library.path" value="/Users/tirathshah/Library/Java/Extensions:/Library/Java/Extensions:/Network/Library/Java/Extensions:/System/Library/Java/Extensions:/usr/lib/java:." />
    <property name="java.vendor.url" value="http://java.oracle.com/" />
    <property name="java.vm.vendor" value="Oracle Corporation" />
    <property name="gopherProxySet" value="false" />
    <property name="java.runtime.name" value="Java(TM) SE Runtime Environment" />
    <property name="sun.java.command" value="org.apache.tools.ant.taskdefs.optional.junit.JUnitTestRunner edu.umb.cs.cs680.hw07.FIFOTest skipNonTests=false filtertrace=true haltOnError=false haltOnFailure=false formatter=org.apache.tools.ant.taskdefs.optional.junit.SummaryJUnitResultFormatter showoutput=false outputtoformatters=true logfailedtests=true threadid=0 logtestlistenerevents=false formatter=org.apache.tools.ant.taskdefs.optional.junit.PlainJUnitResultFormatter formatter=org.apache.tools.ant.taskdefs.optional.junit.XMLJUnitResultFormatter,/Users/tirathshah/Desktop/CS-680/Assignment7/test/reports/junit/TEST-edu.umb.cs.cs680.hw07.FIFOTest.xml crashfile=/Users/tirathshah/Desktop/CS-680/Assignment7/junitvmwatcher2016428396427322335.properties propsfile=/Users/tirathshah/Desktop/CS-680/Assignment7/junit1797863428857606056.properties" />
    <property name="java.class.path" value="/Users/tirathshah/Downloads/hamcrest-core-1.3.jar:/Users/tirathshah/Downloads/junit-4.12.jar:/Users/tirathshah/Desktop/CS-680/Assignment7/test/bin:/Users/tirathshah/Desktop/CS-680/Assignment7/bin:/Users/tirathshah/Downloads/apache-ant-1.10.1/lib/ant-launcher.jar:/Users/tirathshah/Downloads/apache-ant-1.10.1/lib/ant.jar:/Users/tirathshah/Downloads/apache-ant-1.10.1/lib/ant-junit.jar:/Users/tirathshah/Downloads/apache-ant-1.10.1/lib/ant-junit4.jar:/var/folders/72/_fg9mc_967q4vy8py4dzjszm0000gn/T/jacocoagent7842602985890533492.jar" />
    <property name="ant.version" value="Apache Ant(TM) version 1.10.1 compiled on February 2 2017" />
    <property name="env.TERM_SESSION_ID" value="48D8D1DC-B723-40BF-99EC-284D95EA2E81" />
    <property name="env.ANT_OPTS" value="-Xms256M -Xmx512M" />
    <property name="junitpath" value="/Users/tirathshah/Downloads/junit-4.12.jar" />
    <property name="java.vm.specification.name" value="Java Virtual Machine Specification" />
    <property name="ant.file.type" value="file" />
    <property name="java.vm.specification.version" value="1.8" />
    <property name="sun.cpu.endian" value="little" />
    <property name="sun.os.patch.level" value="unknown" />
    <property name="env.HOME" value="/Users/tirathshah" />
    <property name="env.ANT_HOME" value="/Users/tirathshah/Downloads/apache-ant-1.10.1" />
    <property name="java.io.tmpdir" value="/var/folders/72/_fg9mc_967q4vy8py4dzjszm0000gn/T/" />
    <property name="java.vendor.url.bug" value="http://bugreport.sun.com/bugreport/" />
    <property name="env.SSH_AUTH_SOCK" value="/private/tmp/com.apple.launchd.3hJKgi8Pp0/Listeners" />
    <property name="java.awt.graphicsenv" value="sun.awt.CGraphicsEnvironment" />
    <property name="os.arch" value="x86_64" />
    <property name="java.ext.dirs" value="/Users/tirathshah/Library/Java/Extensions:/Library/Java/JavaVirtualMachines/jdk1.8.0_25.jdk/Contents/Home/jre/lib/ext:/Library/Java/Extensions:/Network/Library/Java/Extensions:/System/Library/Java/Extensions:/usr/lib/java" />
    <property name="user.dir" value="/Users/tirathshah/Desktop/CS-680/Assignment7" />
    <property name="env.HAMCREST_CORE" value="/Users/tirathshah/Downloads/hamcrest-core-1.3.jar" />
    <property name="line.separator" value="&#xa;" />
    <property name="java.vm.name" value="Java HotSpot(TM) 64-Bit Server VM" />
    <property name="basedir" value="/Users/tirathshah/Desktop/CS-680/Assignment7" />
    <property name="ant.java.version" value="1.8" />
    <property name="env.JAVA_MAIN_CLASS_30291" value="org.apache.tools.ant.launch.Launcher" />
    <property name="ant.core.lib" value="/Users/tirathshah/Downloads/apache-ant-1.10.1/lib/ant.jar" />
    <property name="file.encoding" value="UTF-8" />
    <property name="jacocopath" value="/Users/tirathshah/Downloads/jacoco-0.7.9/lib/jacocoant.jar" />
    <property name="java.specification.version" value="1.8" />
    <property name="ant.project.invoked-targets" value="coverage" />
    <property name="hamcrestpath" value="/Users/tirathshah/Downloads/hamcrest-core-1.3.jar" />
  </properties>
  <testcase classname="edu.umb.cs.cs680.hw07.FIFOTest" name="fetchFileNotStored" time="0.022" />
  <testcase classname="edu.umb.cs.cs680.hw07.FIFOTest" name="fetchFileStored" time="0.001" />
  <testcase classname="edu.umb.cs.cs680.hw07.FIFOTest" name="fetchFileStoredAndNotStored" time="0.002" />
  <system-out><![CDATA[fetchFileNotStored cache. Cache is of size-5 and has File1, File2, File3 and File4 and requesting for File5 
Printing cache
File3.txt
File1.txt
File2.txt
File4.txt
File5.txt
fetchFileStored cache. Cache is of size-5 and has File1, File2, File3, File4 and File5 and requesting for File1
Printing cache
File3.txt
File1.txt
File2.txt
File4.txt
File5.txt
fetchFileStoredAndNotStored cache. Cache is of size-5 and has File1, File2, File3 and File4 and requesting for File5, File1 and File6
Printing cache
File3.txt
File2.txt
File4.txt
File5.txt
File6.txt
]]></system-out>
  <system-err><![CDATA[]]></system-err>
</testsuite>
